<?xml version="1.0" encoding="UTF-8"?>
<testsuite name="PusheenWalkerTest" tests="1" skipped="0" failures="0" errors="0" timestamp="2023-06-01T09:17:57" hostname="DESKTOP-3QQQM1L" time="0.025">
  <properties/>
  <testcase name="simpleWalkerTest()" classname="PusheenWalkerTest" time="0.025"/>
  <system-out><![CDATA[]]></system-out>
  <system-err><![CDATA[]]></system-err>
</testsuite>
