<?xml version="1.0" encoding="UTF-8"?>
<testsuite name="histogram.SimpleHistogramTest" tests="1" skipped="0" failures="0" errors="0" timestamp="2023-05-28T10:00:13" hostname="DESKTOP-3QQQM1L" time="0.039">
  <properties/>
  <testcase name="testHistogram()" classname="histogram.SimpleHistogramTest" time="0.039"/>
  <system-out><![CDATA[]]></system-out>
  <system-err><![CDATA[]]></system-err>
</testsuite>
