<?xml version="1.0" encoding="UTF-8"?>
<testsuite name="game.WordDatabaseTest" tests="1" skipped="0" failures="0" errors="0" timestamp="2023-06-12T17:00:30" hostname="LAPTOP" time="0.043">
  <properties/>
  <testcase name="testReadFromFile()" classname="game.WordDatabaseTest" time="0.043"/>
  <system-out><![CDATA[[Maddison, Happy, good]
]]></system-out>
  <system-err><![CDATA[]]></system-err>
</testsuite>
