<?xml version="1.0" encoding="UTF-8"?>
<testsuite name="game.WordTest" tests="5" skipped="0" failures="0" errors="0" timestamp="2023-06-11T17:22:38" hostname="DESKTOP-3QQQM1L" time="0.018">
  <properties/>
  <testcase name="compareTo()" classname="game.WordTest" time="0.002"/>
  <testcase name="getWord()" classname="game.WordTest" time="0.001"/>
  <testcase name="canForm()" classname="game.WordTest" time="0.006"/>
  <testcase name="getHistogram()" classname="game.WordTest" time="0.001"/>
  <testcase name="alphabeticallyBefore()" classname="game.WordTest" time="0.002"/>
  <system-out><![CDATA[]]></system-out>
  <system-err><![CDATA[]]></system-err>
</testsuite>
