<?xml version="1.0" encoding="UTF-8"?>
<testsuite name="game.WordDatabaseTest" tests="1" skipped="0" failures="0" errors="0" timestamp="2023-06-09T17:12:10" hostname="DESKTOP-3QQQM1L" time="0.032">
  <properties/>
  <testcase name="testReadFromFile()" classname="game.WordDatabaseTest" time="0.032"/>
  <system-out><![CDATA[[world, hello]
]]></system-out>
  <system-err><![CDATA[]]></system-err>
</testsuite>
