<?xml version="1.0" encoding="UTF-8"?>
<testsuite name="game.WordTest" tests="5" skipped="0" failures="0" errors="0" timestamp="2023-06-12T17:00:30" hostname="LAPTOP" time="0.021">
  <properties/>
  <testcase name="compareTo()" classname="game.WordTest" time="0.002"/>
  <testcase name="getWord()" classname="game.WordTest" time="0.003"/>
  <testcase name="canForm()" classname="game.WordTest" time="0.007"/>
  <testcase name="getHistogram()" classname="game.WordTest" time="0.001"/>
  <testcase name="alphabeticallyBefore()" classname="game.WordTest" time="0.003"/>
  <system-out><![CDATA[]]></system-out>
  <system-err><![CDATA[]]></system-err>
</testsuite>
