<?xml version="1.0" encoding="UTF-8"?>
<testsuite name="MyPriorityQueueTest" tests="1" skipped="0" failures="0" errors="0" timestamp="2023-05-31T13:42:59" hostname="DESKTOP-3QQQM1L" time="0.03">
  <properties/>
  <testcase name="testSimpleCases()" classname="MyPriorityQueueTest" time="0.03"/>
  <system-out><![CDATA[]]></system-out>
  <system-err><![CDATA[]]></system-err>
</testsuite>
